#
# There is insufficient memory for the Java Runtime Environment to continue.
# Native memory allocation (malloc) failed to allocate 32744 bytes for ChunkPool::allocate
# Possible reasons:
#   The system is out of physical RAM or swap space
#   The process is running with CompressedOops enabled, and the Java Heap may be blocking the growth of the native heap
# Possible solutions:
#   Reduce memory load on the system
#   Increase physical memory or swap space
#   Check if swap backing store is full
#   Decrease Java heap size (-Xmx/-Xms)
#   Decrease number of Java threads
#   Decrease Java thread stack sizes (-Xss)
#   Set larger code cache with -XX:ReservedCodeCacheSize=
#   JVM is running with Unscaled Compressed Oops mode in which the Java heap is
#     placed in the first 4GB address space. The Java Heap base address is the
#     maximum limit for the native heap growth. Please use -XX:HeapBaseMinAddress
#     to set the Java Heap base and to place the Java Heap above 4GB virtual address.
# This output file may be truncated or incomplete.
#
#  Out of Memory Error (./src/hotspot/share/memory/arena.cpp:81), pid=21128, tid=37972
#
# JRE version: OpenJDK Runtime Environment AdoptOpenJDK (11.0.10+9) (build 11.0.10+9)
# Java VM: OpenJDK 64-Bit Server VM AdoptOpenJDK (11.0.10+9, mixed mode, tiered, compressed oops, g1 gc, windows-amd64)
# No core dump will be written. Minidumps are not enabled by default on client versions of Windows
#

---------------  S U M M A R Y ------------

Command Line: -Xms64m -Xmx512m -Dapp.name=ltex-ls -Dapp.repo=c:\Users\immuc\.vscode\extensions\valentjn.vscode-ltex-10.1.0\lib\ltex-ls-12.0.0\lib -Dapp.home=c:\Users\immuc\.vscode\extensions\valentjn.vscode-ltex-10.1.0\lib\ltex-ls-12.0.0 -Dbasedir=c:\Users\immuc\.vscode\extensions\valentjn.vscode-ltex-10.1.0\lib\ltex-ls-12.0.0 LtexLanguageServerLauncher

Host: Intel(R) Core(TM) i5-8250U CPU @ 1.60GHz, 8 cores, 7G,  Windows 10 , 64 bit Build 19041 (10.0.19041.928)
Time: Mon Apr 26 18:38:04 2021 China Standard Time elapsed time: 141.006391 seconds (0d 0h 2m 21s)

---------------  T H R E A D  ---------------

Current thread (0x000001e19fd47000):  JavaThread "C2 CompilerThread0" daemon [_thread_in_native, id=37972, stack(0x0000005dd3f00000,0x0000005dd4000000)]


Current CompileTask:
C2: 141006 7393       4       org.bsplines.ltexls.server.CodeActionGenerator::generate (421 bytes)

Stack: [0x0000005dd3f00000,0x0000005dd4000000]
Native frames: (J=compiled Java code, j=interpreted, Vv=VM code, C=native code)
V  [jvm.dll+0x5f35ea]
V  [jvm.dll+0x77c65e]
V  [jvm.dll+0x77dd2f]
V  [jvm.dll+0x77e3f3]
V  [jvm.dll+0x246c38]
V  [jvm.dll+0xbea6b]
V  [jvm.dll+0xbedcc]
V  [jvm.dll+0x5d285d]
V  [jvm.dll+0x86adc]
V  [jvm.dll+0x597eae]
V  [jvm.dll+0x3346e5]
V  [jvm.dll+0x1056ab]
V  [jvm.dll+0x5b9de9]
V  [jvm.dll+0x10551c]
V  [jvm.dll+0x32a32d]
V  [jvm.dll+0x614209]
V  [jvm.dll+0x6135c6]
V  [jvm.dll+0x60e7a8]
V  [jvm.dll+0x60850f]
V  [jvm.dll+0x607b4b]
V  [jvm.dll+0x6059fe]
V  [jvm.dll+0x186fbc]
V  [jvm.dll+0x2b4f06]
V  [jvm.dll+0x610660]
V  [jvm.dll+0x60850f]
V  [jvm.dll+0x607b4b]
V  [jvm.dll+0x6059fe]
V  [jvm.dll+0x186fbc]
V  [jvm.dll+0x187b49]
V  [jvm.dll+0x2b4f06]
V  [jvm.dll+0x610660]
V  [jvm.dll+0x60850f]
V  [jvm.dll+0x607b4b]
V  [jvm.dll+0x6059fe]
V  [jvm.dll+0x186fbc]
V  [jvm.dll+0x1ff3a1]
V  [jvm.dll+0x1846bc]
V  [jvm.dll+0x20ec37]
V  [jvm.dll+0x20ce1b]
V  [jvm.dll+0x740b39]
V  [jvm.dll+0x739ba4]
V  [jvm.dll+0x5f2466]
C  [ucrtbase.dll+0x21bb2]
C  [KERNEL32.DLL+0x17034]
C  [ntdll.dll+0x52651]


---------------  P R O C E S S  ---------------

Threads class SMR info:
_java_thread_list=0x000001e1a133dd30, length=11, elements={
0x000001e184603800, 0x000001e19fd36000, 0x000001e19fd40800, 0x000001e19fd2e000,
0x000001e19fd30800, 0x000001e19fd31800, 0x000001e19fd47000, 0x000001e19fd4c800,
0x000001e19fd52000, 0x000001e1a083d000, 0x000001e1a2df5000
}

Java Threads: ( => current thread )
  0x000001e184603800 JavaThread "main" [_thread_blocked, id=57204, stack(0x0000005dd3300000,0x0000005dd3400000)]
  0x000001e19fd36000 JavaThread "Reference Handler" daemon [_thread_blocked, id=30128, stack(0x0000005dd3a00000,0x0000005dd3b00000)]
  0x000001e19fd40800 JavaThread "Finalizer" daemon [_thread_blocked, id=8788, stack(0x0000005dd3b00000,0x0000005dd3c00000)]
  0x000001e19fd2e000 JavaThread "Signal Dispatcher" daemon [_thread_blocked, id=22524, stack(0x0000005dd3c00000,0x0000005dd3d00000)]
  0x000001e19fd30800 JavaThread "Attach Listener" daemon [_thread_blocked, id=44136, stack(0x0000005dd3d00000,0x0000005dd3e00000)]
  0x000001e19fd31800 JavaThread "Service Thread" daemon [_thread_blocked, id=36176, stack(0x0000005dd3e00000,0x0000005dd3f00000)]
=>0x000001e19fd47000 JavaThread "C2 CompilerThread0" daemon [_thread_in_native, id=37972, stack(0x0000005dd3f00000,0x0000005dd4000000)]
  0x000001e19fd4c800 JavaThread "C1 CompilerThread0" daemon [_thread_blocked, id=46684, stack(0x0000005dd4000000,0x0000005dd4100000)]
  0x000001e19fd52000 JavaThread "Sweeper thread" daemon [_thread_blocked, id=27392, stack(0x0000005dd4100000,0x0000005dd4200000)]
  0x000001e1a083d000 JavaThread "Common-Cleaner" daemon [_thread_blocked, id=21240, stack(0x0000005dd4300000,0x0000005dd4400000)]
  0x000001e1a2df5000 JavaThread "pool-1-thread-1" [_thread_in_vm, id=48672, stack(0x0000005dd4700000,0x0000005dd4800000)]

Other Threads:
  0x000001e19fd22800 VMThread "VM Thread" [stack: 0x0000005dd3900000,0x0000005dd3a00000] [id=23128]
  0x000001e1a083b000 WatcherThread [stack: 0x0000005dd4200000,0x0000005dd4300000] [id=10804]
  0x000001e18461a000 GCTaskThread "GC Thread#0" [stack: 0x0000005dd3400000,0x0000005dd3500000] [id=48764]
  0x000001e1a1401800 GCTaskThread "GC Thread#1" [stack: 0x0000005dd4500000,0x0000005dd4600000] [id=55844]
  0x000001e1a3b8f800 GCTaskThread "GC Thread#2" [stack: 0x0000005dd4400000,0x0000005dd4500000] [id=8716]
  0x000001e1a3997800 GCTaskThread "GC Thread#3" [stack: 0x0000005dd4800000,0x0000005dd4900000] [id=41040]
  0x000001e1a3fc2800 GCTaskThread "GC Thread#4" [stack: 0x0000005dd4f00000,0x0000005dd5000000] [id=57308]
  0x000001e1a1884800 GCTaskThread "GC Thread#5" [stack: 0x0000005dd3100000,0x0000005dd3200000] [id=55384]
  0x000001e18462b800 ConcurrentGCThread "G1 Main Marker" [stack: 0x0000005dd3500000,0x0000005dd3600000] [id=22160]
  0x000001e18462d000 ConcurrentGCThread "G1 Conc#0" [stack: 0x0000005dd3600000,0x0000005dd3700000] [id=48576]
  0x000001e1a3220000 ConcurrentGCThread "G1 Conc#1" [stack: 0x0000005dd4600000,0x0000005dd4700000] [id=31264]
  0x000001e184695800 ConcurrentGCThread "G1 Refine#0" [stack: 0x0000005dd3700000,0x0000005dd3800000] [id=7316]
  0x000001e1a36a4000 ConcurrentGCThread "G1 Refine#1" [stack: 0x0000005dd4a00000,0x0000005dd4b00000] [id=33828]
  0x000001e1a410e000 ConcurrentGCThread "G1 Refine#2" [stack: 0x0000005dd4900000,0x0000005dd4a00000] [id=50976]
  0x000001e1a38d2800 ConcurrentGCThread "G1 Refine#3" [stack: 0x0000005dd4b00000,0x0000005dd4c00000] [id=45124]
  0x000001e1a15cc000 ConcurrentGCThread "G1 Refine#4" [stack: 0x0000005dd4d00000,0x0000005dd4e00000] [id=22692]
  0x000001e1a393b800 ConcurrentGCThread "G1 Refine#5" [stack: 0x0000005dd4e00000,0x0000005dd4f00000] [id=55588]
  0x000001e184697000 ConcurrentGCThread "G1 Young RemSet Sampling" [stack: 0x0000005dd3800000,0x0000005dd3900000] [id=20084]

Threads with active compile tasks:
C2 CompilerThread0 141095 7393       4       org.bsplines.ltexls.server.CodeActionGenerator::generate (421 bytes)

VM state:not at safepoint (normal execution)

VM Mutex/Monitor currently owned by a thread: None

OutOfMemory and StackOverflow Exception counts:
OutOfMemoryError java_heap_errors=1
LinkageErrors=26

Heap address: 0x00000000e0000000, size: 512 MB, Compressed Oops mode: 32-bit
Narrow klass base: 0x0000000000000000, Narrow klass shift: 3
Compressed class space size: 1073741824 Address: 0x0000000100000000

Heap:
 garbage-first heap   total 246784K, used 179958K [0x00000000e0000000, 0x0000000100000000)
  region size 1024K, 12 young (12288K), 4 survivors (4096K)
 Metaspace       used 31242K, capacity 31852K, committed 32128K, reserved 1077248K
  class space    used 3110K, capacity 3371K, committed 3456K, reserved 1048576K
Heap Regions: E=young(eden), S=young(survivor), O=old, HS=humongous(starts), HC=humongous(continues), CS=collection set, F=free, A=archive, TAMS=top-at-mark-start (previous, next)
|   0|0x00000000e0000000, 0x00000000e0100000, 0x00000000e0100000|100%| O|  |TAMS 0x00000000e0100000, 0x00000000e0100000| Untracked 
|   1|0x00000000e0100000, 0x00000000e0200000, 0x00000000e0200000|100%| O|  |TAMS 0x00000000e0200000, 0x00000000e0200000| Untracked 
|   2|0x00000000e0200000, 0x00000000e0300000, 0x00000000e0300000|100%| O|  |TAMS 0x00000000e0300000, 0x00000000e0300000| Untracked 
|   3|0x00000000e0300000, 0x00000000e0400000, 0x00000000e0400000|100%| O|  |TAMS 0x00000000e0400000, 0x00000000e0400000| Untracked 
|   4|0x00000000e0400000, 0x00000000e0500000, 0x00000000e0500000|100%| O|  |TAMS 0x00000000e0500000, 0x00000000e0500000| Untracked 
|   5|0x00000000e0500000, 0x00000000e0600000, 0x00000000e0600000|100%| O|  |TAMS 0x00000000e0600000, 0x00000000e0600000| Untracked 
|   6|0x00000000e0600000, 0x00000000e0700000, 0x00000000e0700000|100%| O|  |TAMS 0x00000000e0700000, 0x00000000e0700000| Untracked 
|   7|0x00000000e0700000, 0x00000000e0800000, 0x00000000e0800000|100%| O|  |TAMS 0x00000000e0800000, 0x00000000e0800000| Untracked 
|   8|0x00000000e0800000, 0x00000000e0900000, 0x00000000e0900000|100%| O|  |TAMS 0x00000000e0900000, 0x00000000e0900000| Untracked 
|   9|0x00000000e0900000, 0x00000000e0a00000, 0x00000000e0a00000|100%| O|  |TAMS 0x00000000e0a00000, 0x00000000e0a00000| Untracked 
|  10|0x00000000e0a00000, 0x00000000e0b00000, 0x00000000e0b00000|100%| O|  |TAMS 0x00000000e0b00000, 0x00000000e0b00000| Untracked 
|  11|0x00000000e0b00000, 0x00000000e0c00000, 0x00000000e0c00000|100%| O|  |TAMS 0x00000000e0c00000, 0x00000000e0c00000| Untracked 
|  12|0x00000000e0c00000, 0x00000000e0d00000, 0x00000000e0d00000|100%| O|  |TAMS 0x00000000e0d00000, 0x00000000e0d00000| Untracked 
|  13|0x00000000e0d00000, 0x00000000e0e00000, 0x00000000e0e00000|100%| O|  |TAMS 0x00000000e0e00000, 0x00000000e0e00000| Untracked 
|  14|0x00000000e0e00000, 0x00000000e0f00000, 0x00000000e0f00000|100%| O|  |TAMS 0x00000000e0f00000, 0x00000000e0f00000| Untracked 
|  15|0x00000000e0f00000, 0x00000000e1000000, 0x00000000e1000000|100%| O|  |TAMS 0x00000000e1000000, 0x00000000e1000000| Untracked 
|  16|0x00000000e1000000, 0x00000000e1100000, 0x00000000e1100000|100%| O|  |TAMS 0x00000000e1100000, 0x00000000e1100000| Untracked 
|  17|0x00000000e1100000, 0x00000000e1200000, 0x00000000e1200000|100%|HS|  |TAMS 0x00000000e1200000, 0x00000000e1200000| Complete 
|  18|0x00000000e1200000, 0x00000000e1300000, 0x00000000e1300000|100%| O|  |TAMS 0x00000000e1300000, 0x00000000e1300000| Untracked 
|  19|0x00000000e1300000, 0x00000000e1400000, 0x00000000e1400000|100%| O|  |TAMS 0x00000000e1400000, 0x00000000e1400000| Untracked 
|  20|0x00000000e1400000, 0x00000000e1500000, 0x00000000e1500000|100%| O|  |TAMS 0x00000000e1500000, 0x00000000e1500000| Untracked 
|  21|0x00000000e1500000, 0x00000000e1600000, 0x00000000e1600000|100%|HS|  |TAMS 0x00000000e1600000, 0x00000000e1600000| Complete 
|  22|0x00000000e1600000, 0x00000000e1700000, 0x00000000e1700000|100%| O|  |TAMS 0x00000000e1700000, 0x00000000e1700000| Untracked 
|  23|0x00000000e1700000, 0x00000000e1800000, 0x00000000e1800000|100%| O|  |TAMS 0x00000000e1800000, 0x00000000e1800000| Untracked 
|  24|0x00000000e1800000, 0x00000000e1900000, 0x00000000e1900000|100%| O|  |TAMS 0x00000000e1900000, 0x00000000e1900000| Untracked 
|  25|0x00000000e1900000, 0x00000000e1a00000, 0x00000000e1a00000|100%| O|  |TAMS 0x00000000e1a00000, 0x00000000e1a00000| Untracked 
|  26|0x00000000e1a00000, 0x00000000e1b00000, 0x00000000e1b00000|100%| O|  |TAMS 0x00000000e1b00000, 0x00000000e1b00000| Untracked 
|  27|0x00000000e1b00000, 0x00000000e1c00000, 0x00000000e1c00000|100%| O|  |TAMS 0x00000000e1c00000, 0x00000000e1c00000| Untracked 
|  28|0x00000000e1c00000, 0x00000000e1d00000, 0x00000000e1d00000|100%| O|  |TAMS 0x00000000e1d00000, 0x00000000e1d00000| Untracked 
|  29|0x00000000e1d00000, 0x00000000e1e00000, 0x00000000e1e00000|100%| O|  |TAMS 0x00000000e1e00000, 0x00000000e1e00000| Untracked 
|  30|0x00000000e1e00000, 0x00000000e1f00000, 0x00000000e1f00000|100%| O|  |TAMS 0x00000000e1f00000, 0x00000000e1f00000| Untracked 
|  31|0x00000000e1f00000, 0x00000000e2000000, 0x00000000e2000000|100%| O|  |TAMS 0x00000000e2000000, 0x00000000e2000000| Untracked 
|  32|0x00000000e2000000, 0x00000000e2100000, 0x00000000e2100000|100%| O|  |TAMS 0x00000000e2100000, 0x00000000e2100000| Untracked 
|  33|0x00000000e2100000, 0x00000000e2200000, 0x00000000e2200000|100%| O|  |TAMS 0x00000000e2200000, 0x00000000e2200000| Untracked 
|  34|0x00000000e2200000, 0x00000000e2300000, 0x00000000e2300000|100%| O|  |TAMS 0x00000000e2300000, 0x00000000e2300000| Untracked 
|  35|0x00000000e2300000, 0x00000000e2400000, 0x00000000e2400000|100%| O|  |TAMS 0x00000000e2400000, 0x00000000e2400000| Untracked 
|  36|0x00000000e2400000, 0x00000000e2500000, 0x00000000e2500000|100%| O|  |TAMS 0x00000000e2500000, 0x00000000e2500000| Untracked 
|  37|0x00000000e2500000, 0x00000000e2600000, 0x00000000e2600000|100%| O|  |TAMS 0x00000000e2600000, 0x00000000e2600000| Untracked 
|  38|0x00000000e2600000, 0x00000000e2700000, 0x00000000e2700000|100%| O|  |TAMS 0x00000000e2700000, 0x00000000e2700000| Untracked 
|  39|0x00000000e2700000, 0x00000000e2800000, 0x00000000e2800000|100%| O|  |TAMS 0x00000000e2800000, 0x00000000e2800000| Untracked 
|  40|0x00000000e2800000, 0x00000000e2900000, 0x00000000e2900000|100%| O|  |TAMS 0x00000000e2900000, 0x00000000e2900000| Untracked 
|  41|0x00000000e2900000, 0x00000000e2a00000, 0x00000000e2a00000|100%| O|  |TAMS 0x00000000e2a00000, 0x00000000e2a00000| Untracked 
|  42|0x00000000e2a00000, 0x00000000e2b00000, 0x00000000e2b00000|100%| O|  |TAMS 0x00000000e2b00000, 0x00000000e2b00000| Untracked 
|  43|0x00000000e2b00000, 0x00000000e2c00000, 0x00000000e2c00000|100%| O|  |TAMS 0x00000000e2c00000, 0x00000000e2c00000| Untracked 
|  44|0x00000000e2c00000, 0x00000000e2d00000, 0x00000000e2d00000|100%| O|  |TAMS 0x00000000e2d00000, 0x00000000e2d00000| Untracked 
|  45|0x00000000e2d00000, 0x00000000e2e00000, 0x00000000e2e00000|100%|HS|  |TAMS 0x00000000e2e00000, 0x00000000e2e00000| Complete 
|  46|0x00000000e2e00000, 0x00000000e2f00000, 0x00000000e2f00000|100%|HS|  |TAMS 0x00000000e2f00000, 0x00000000e2f00000| Complete 
|  47|0x00000000e2f00000, 0x00000000e3000000, 0x00000000e3000000|100%| O|  |TAMS 0x00000000e3000000, 0x00000000e3000000| Untracked 
|  48|0x00000000e3000000, 0x00000000e3100000, 0x00000000e3100000|100%| O|  |TAMS 0x00000000e3100000, 0x00000000e3100000| Untracked 
|  49|0x00000000e3100000, 0x00000000e3200000, 0x00000000e3200000|100%| O|  |TAMS 0x00000000e3200000, 0x00000000e3200000| Untracked 
|  50|0x00000000e3200000, 0x00000000e3300000, 0x00000000e3300000|100%| O|  |TAMS 0x00000000e3300000, 0x00000000e3300000| Untracked 
|  51|0x00000000e3300000, 0x00000000e3400000, 0x00000000e3400000|100%| O|  |TAMS 0x00000000e3400000, 0x00000000e3400000| Untracked 
|  52|0x00000000e3400000, 0x00000000e3500000, 0x00000000e3500000|100%|HS|  |TAMS 0x00000000e3400000, 0x00000000e3400000| Complete 
|  53|0x00000000e3500000, 0x00000000e3600000, 0x00000000e3600000|100%| O|  |TAMS 0x00000000e3600000, 0x00000000e3600000| Untracked 
|  54|0x00000000e3600000, 0x00000000e3700000, 0x00000000e3700000|100%| O|  |TAMS 0x00000000e3700000, 0x00000000e3700000| Untracked 
|  55|0x00000000e3700000, 0x00000000e3800000, 0x00000000e3800000|100%| O|  |TAMS 0x00000000e3800000, 0x00000000e3800000| Untracked 
|  56|0x00000000e3800000, 0x00000000e3900000, 0x00000000e3900000|100%| O|  |TAMS 0x00000000e3900000, 0x00000000e3900000| Untracked 
|  57|0x00000000e3900000, 0x00000000e3a00000, 0x00000000e3a00000|100%| O|  |TAMS 0x00000000e3a00000, 0x00000000e3a00000| Untracked 
|  58|0x00000000e3a00000, 0x00000000e3b00000, 0x00000000e3b00000|100%| O|  |TAMS 0x00000000e3b00000, 0x00000000e3b00000| Untracked 
|  59|0x00000000e3b00000, 0x00000000e3c00000, 0x00000000e3c00000|100%| O|  |TAMS 0x00000000e3c00000, 0x00000000e3c00000| Untracked 
|  60|0x00000000e3c00000, 0x00000000e3d00000, 0x00000000e3d00000|100%| O|  |TAMS 0x00000000e3d00000, 0x00000000e3d00000| Untracked 
|  61|0x00000000e3d00000, 0x00000000e3e00000, 0x00000000e3e00000|100%| O|  |TAMS 0x00000000e3e00000, 0x00000000e3e00000| Untracked 
|  62|0x00000000e3e00000, 0x00000000e3f00000, 0x00000000e3f00000|100%| O|  |TAMS 0x00000000e3f00000, 0x00000000e3f00000| Untracked 
|  63|0x00000000e3f00000, 0x00000000e4000000, 0x00000000e4000000|100%| O|  |TAMS 0x00000000e4000000, 0x00000000e4000000| Untracked 
|  64|0x00000000e4000000, 0x00000000e4100000, 0x00000000e4100000|100%| O|  |TAMS 0x00000000e4100000, 0x00000000e4100000| Untracked 
|  65|0x00000000e4100000, 0x00000000e4200000, 0x00000000e4200000|100%| O|  |TAMS 0x00000000e4200000, 0x00000000e4200000| Untracked 
|  66|0x00000000e4200000, 0x00000000e4300000, 0x00000000e4300000|100%| O|  |TAMS 0x00000000e4300000, 0x00000000e4300000| Untracked 
|  67|0x00000000e4300000, 0x00000000e4400000, 0x00000000e4400000|100%| O|  |TAMS 0x00000000e4400000, 0x00000000e4400000| Untracked 
|  68|0x00000000e4400000, 0x00000000e4500000, 0x00000000e4500000|100%| O|  |TAMS 0x00000000e4500000, 0x00000000e4500000| Untracked 
|  69|0x00000000e4500000, 0x00000000e4600000, 0x00000000e4600000|100%| O|  |TAMS 0x00000000e4600000, 0x00000000e4600000| Untracked 
|  70|0x00000000e4600000, 0x00000000e4700000, 0x00000000e4700000|100%| O|  |TAMS 0x00000000e4700000, 0x00000000e4700000| Untracked 
|  71|0x00000000e4700000, 0x00000000e4800000, 0x00000000e4800000|100%| O|  |TAMS 0x00000000e4800000, 0x00000000e4800000| Untracked 
|  72|0x00000000e4800000, 0x00000000e4900000, 0x00000000e4900000|100%|HS|  |TAMS 0x00000000e4900000, 0x00000000e4900000| Complete 
|  73|0x00000000e4900000, 0x00000000e4a00000, 0x00000000e4a00000|100%|HC|  |TAMS 0x00000000e4a00000, 0x00000000e4a00000| Complete 
|  74|0x00000000e4a00000, 0x00000000e4b00000, 0x00000000e4b00000|100%| O|  |TAMS 0x00000000e4b00000, 0x00000000e4b00000| Untracked 
|  75|0x00000000e4b00000, 0x00000000e4c00000, 0x00000000e4c00000|100%| O|  |TAMS 0x00000000e4c00000, 0x00000000e4c00000| Untracked 
|  76|0x00000000e4c00000, 0x00000000e4d00000, 0x00000000e4d00000|100%|HS|  |TAMS 0x00000000e4d00000, 0x00000000e4d00000| Complete 
|  77|0x00000000e4d00000, 0x00000000e4e00000, 0x00000000e4e00000|100%| O|  |TAMS 0x00000000e4e00000, 0x00000000e4e00000| Untracked 
|  78|0x00000000e4e00000, 0x00000000e4f00000, 0x00000000e4f00000|100%|HS|  |TAMS 0x00000000e4f00000, 0x00000000e4f00000| Complete 
|  79|0x00000000e4f00000, 0x00000000e5000000, 0x00000000e5000000|100%| O|  |TAMS 0x00000000e5000000, 0x00000000e5000000| Untracked 
|  80|0x00000000e5000000, 0x00000000e5100000, 0x00000000e5100000|100%| O|  |TAMS 0x00000000e5100000, 0x00000000e5100000| Untracked 
|  81|0x00000000e5100000, 0x00000000e5200000, 0x00000000e5200000|100%| O|  |TAMS 0x00000000e5200000, 0x00000000e5200000| Untracked 
|  82|0x00000000e5200000, 0x00000000e5300000, 0x00000000e5300000|100%| O|  |TAMS 0x00000000e5300000, 0x00000000e5300000| Untracked 
|  83|0x00000000e5300000, 0x00000000e5400000, 0x00000000e5400000|100%| O|  |TAMS 0x00000000e5400000, 0x00000000e5400000| Untracked 
|  84|0x00000000e5400000, 0x00000000e5500000, 0x00000000e5500000|100%| O|  |TAMS 0x00000000e5500000, 0x00000000e5500000| Untracked 
|  85|0x00000000e5500000, 0x00000000e5600000, 0x00000000e5600000|100%| O|  |TAMS 0x00000000e5600000, 0x00000000e5600000| Untracked 
|  86|0x00000000e5600000, 0x00000000e5700000, 0x00000000e5700000|100%| O|  |TAMS 0x00000000e5700000, 0x00000000e5700000| Untracked 
|  87|0x00000000e5700000, 0x00000000e5800000, 0x00000000e5800000|100%|HS|  |TAMS 0x00000000e5800000, 0x00000000e5800000| Complete 
|  88|0x00000000e5800000, 0x00000000e5900000, 0x00000000e5900000|100%| O|  |TAMS 0x00000000e5900000, 0x00000000e5900000| Untracked 
|  89|0x00000000e5900000, 0x00000000e5a00000, 0x00000000e5a00000|100%| O|  |TAMS 0x00000000e5a00000, 0x00000000e5a00000| Untracked 
|  90|0x00000000e5a00000, 0x00000000e5b00000, 0x00000000e5b00000|100%| O|  |TAMS 0x00000000e5b00000, 0x00000000e5b00000| Untracked 
|  91|0x00000000e5b00000, 0x00000000e5c00000, 0x00000000e5c00000|100%| O|  |TAMS 0x00000000e5c00000, 0x00000000e5c00000| Untracked 
|  92|0x00000000e5c00000, 0x00000000e5d00000, 0x00000000e5d00000|100%| O|  |TAMS 0x00000000e5d00000, 0x00000000e5d00000| Untracked 
|  93|0x00000000e5d00000, 0x00000000e5e00000, 0x00000000e5e00000|100%| O|  |TAMS 0x00000000e5e00000, 0x00000000e5e00000| Untracked 
|  94|0x00000000e5e00000, 0x00000000e5f00000, 0x00000000e5f00000|100%| O|  |TAMS 0x00000000e5f00000, 0x00000000e5f00000| Untracked 
|  95|0x00000000e5f00000, 0x00000000e6000000, 0x00000000e6000000|100%| O|  |TAMS 0x00000000e6000000, 0x00000000e6000000| Untracked 
|  96|0x00000000e6000000, 0x00000000e6100000, 0x00000000e6100000|100%| O|  |TAMS 0x00000000e6100000, 0x00000000e6100000| Untracked 
|  97|0x00000000e6100000, 0x00000000e6200000, 0x00000000e6200000|100%| O|  |TAMS 0x00000000e6200000, 0x00000000e6200000| Untracked 
|  98|0x00000000e6200000, 0x00000000e6300000, 0x00000000e6300000|100%| O|  |TAMS 0x00000000e6300000, 0x00000000e6300000| Untracked 
|  99|0x00000000e6300000, 0x00000000e6400000, 0x00000000e6400000|100%| O|  |TAMS 0x00000000e6400000, 0x00000000e6400000| Untracked 
| 100|0x00000000e6400000, 0x00000000e6500000, 0x00000000e6500000|100%| O|  |TAMS 0x00000000e6500000, 0x00000000e6500000| Untracked 
| 101|0x00000000e6500000, 0x00000000e6600000, 0x00000000e6600000|100%| O|  |TAMS 0x00000000e6600000, 0x00000000e6600000| Untracked 
| 102|0x00000000e6600000, 0x00000000e6700000, 0x00000000e6700000|100%| O|  |TAMS 0x00000000e6700000, 0x00000000e6700000| Untracked 
| 103|0x00000000e6700000, 0x00000000e6800000, 0x00000000e6800000|100%| O|  |TAMS 0x00000000e6800000, 0x00000000e6800000| Untracked 
| 104|0x00000000e6800000, 0x00000000e6900000, 0x00000000e6900000|100%| O|  |TAMS 0x00000000e6865a00, 0x00000000e6900000| Untracked 
| 105|0x00000000e6900000, 0x00000000e6a00000, 0x00000000e6a00000|100%| O|  |TAMS 0x00000000e6a00000, 0x00000000e6a00000| Untracked 
| 106|0x00000000e6a00000, 0x00000000e6b00000, 0x00000000e6b00000|100%| O|  |TAMS 0x00000000e6b00000, 0x00000000e6b00000| Untracked 
| 107|0x00000000e6b00000, 0x00000000e6c00000, 0x00000000e6c00000|100%| O|  |TAMS 0x00000000e6c00000, 0x00000000e6c00000| Untracked 
| 108|0x00000000e6c00000, 0x00000000e6d00000, 0x00000000e6d00000|100%| O|  |TAMS 0x00000000e6d00000, 0x00000000e6d00000| Untracked 
| 109|0x00000000e6d00000, 0x00000000e6dbd800, 0x00000000e6e00000| 74%| O|  |TAMS 0x00000000e6d00000, 0x00000000e6dbd800| Untracked 
| 110|0x00000000e6e00000, 0x00000000e6f00000, 0x00000000e6f00000|100%|HS|  |TAMS 0x00000000e6f00000, 0x00000000e6f00000| Complete 
| 111|0x00000000e6f00000, 0x00000000e7000000, 0x00000000e7000000|100%| O|  |TAMS 0x00000000e7000000, 0x00000000e7000000| Untracked 
| 112|0x00000000e7000000, 0x00000000e7100000, 0x00000000e7100000|100%| O|  |TAMS 0x00000000e7100000, 0x00000000e7100000| Untracked 
| 113|0x00000000e7100000, 0x00000000e7100000, 0x00000000e7200000|  0%| F|  |TAMS 0x00000000e7100000, 0x00000000e7100000| Untracked 
| 114|0x00000000e7200000, 0x00000000e7300000, 0x00000000e7300000|100%|HS|  |TAMS 0x00000000e7300000, 0x00000000e7300000| Complete 
| 115|0x00000000e7300000, 0x00000000e7400000, 0x00000000e7400000|100%|HS|  |TAMS 0x00000000e7400000, 0x00000000e7400000| Complete 
| 116|0x00000000e7400000, 0x00000000e7500000, 0x00000000e7500000|100%|HC|  |TAMS 0x00000000e7500000, 0x00000000e7500000| Complete 
| 117|0x00000000e7500000, 0x00000000e7600000, 0x00000000e7600000|100%|HS|  |TAMS 0x00000000e7500000, 0x00000000e7500000| Complete 
| 118|0x00000000e7600000, 0x00000000e7700000, 0x00000000e7700000|100%|HC|  |TAMS 0x00000000e7600000, 0x00000000e7600000| Complete 
| 119|0x00000000e7700000, 0x00000000e7800000, 0x00000000e7800000|100%| O|  |TAMS 0x00000000e7800000, 0x00000000e7800000| Untracked 
| 120|0x00000000e7800000, 0x00000000e7800000, 0x00000000e7900000|  0%| F|  |TAMS 0x00000000e7800000, 0x00000000e7800000| Untracked 
| 121|0x00000000e7900000, 0x00000000e7a00000, 0x00000000e7a00000|100%| O|  |TAMS 0x00000000e7a00000, 0x00000000e7a00000| Untracked 
| 122|0x00000000e7a00000, 0x00000000e7a00000, 0x00000000e7b00000|  0%| F|  |TAMS 0x00000000e7a00000, 0x00000000e7a00000| Untracked 
| 123|0x00000000e7b00000, 0x00000000e7c00000, 0x00000000e7c00000|100%| O|  |TAMS 0x00000000e7c00000, 0x00000000e7c00000| Untracked 
| 124|0x00000000e7c00000, 0x00000000e7d00000, 0x00000000e7d00000|100%| O|  |TAMS 0x00000000e7d00000, 0x00000000e7d00000| Untracked 
| 125|0x00000000e7d00000, 0x00000000e7e00000, 0x00000000e7e00000|100%| O|  |TAMS 0x00000000e7e00000, 0x00000000e7e00000| Untracked 
| 126|0x00000000e7e00000, 0x00000000e7e00000, 0x00000000e7f00000|  0%| F|  |TAMS 0x00000000e7e00000, 0x00000000e7e00000| Untracked 
| 127|0x00000000e7f00000, 0x00000000e7f00000, 0x00000000e8000000|  0%| F|  |TAMS 0x00000000e7f00000, 0x00000000e7f00000| Untracked 
| 128|0x00000000e8000000, 0x00000000e8100000, 0x00000000e8100000|100%| O|  |TAMS 0x00000000e8100000, 0x00000000e8100000| Untracked 
| 129|0x00000000e8100000, 0x00000000e8100000, 0x00000000e8200000|  0%| F|  |TAMS 0x00000000e8100000, 0x00000000e8100000| Untracked 
| 130|0x00000000e8200000, 0x00000000e8300000, 0x00000000e8300000|100%| O|  |TAMS 0x00000000e8300000, 0x00000000e8300000| Untracked 
| 131|0x00000000e8300000, 0x00000000e8400000, 0x00000000e8400000|100%| O|  |TAMS 0x00000000e8400000, 0x00000000e8400000| Untracked 
| 132|0x00000000e8400000, 0x00000000e8500000, 0x00000000e8500000|100%| O|  |TAMS 0x00000000e8500000, 0x00000000e8500000| Untracked 
| 133|0x00000000e8500000, 0x00000000e8600000, 0x00000000e8600000|100%| O|  |TAMS 0x00000000e8600000, 0x00000000e8600000| Untracked 
| 134|0x00000000e8600000, 0x00000000e8600000, 0x00000000e8700000|  0%| F|  |TAMS 0x00000000e8600000, 0x00000000e8600000| Untracked 
| 135|0x00000000e8700000, 0x00000000e8800000, 0x00000000e8800000|100%| O|  |TAMS 0x00000000e8800000, 0x00000000e8800000| Untracked 
| 136|0x00000000e8800000, 0x00000000e8900000, 0x00000000e8900000|100%| O|  |TAMS 0x00000000e8900000, 0x00000000e8900000| Untracked 
| 137|0x00000000e8900000, 0x00000000e8a00000, 0x00000000e8a00000|100%| O|  |TAMS 0x00000000e8a00000, 0x00000000e8a00000| Untracked 
| 138|0x00000000e8a00000, 0x00000000e8a00000, 0x00000000e8b00000|  0%| F|  |TAMS 0x00000000e8a00000, 0x00000000e8a00000| Untracked 
| 139|0x00000000e8b00000, 0x00000000e8b00000, 0x00000000e8c00000|  0%| F|  |TAMS 0x00000000e8b00000, 0x00000000e8b00000| Untracked 
| 140|0x00000000e8c00000, 0x00000000e8d00000, 0x00000000e8d00000|100%| O|  |TAMS 0x00000000e8d00000, 0x00000000e8d00000| Untracked 
| 141|0x00000000e8d00000, 0x00000000e8d00000, 0x00000000e8e00000|  0%| F|  |TAMS 0x00000000e8d00000, 0x00000000e8d00000| Untracked 
| 142|0x00000000e8e00000, 0x00000000e8f00000, 0x00000000e8f00000|100%| O|  |TAMS 0x00000000e8f00000, 0x00000000e8f00000| Untracked 
| 143|0x00000000e8f00000, 0x00000000e8f00000, 0x00000000e9000000|  0%| F|  |TAMS 0x00000000e8f00000, 0x00000000e8f00000| Untracked 
| 144|0x00000000e9000000, 0x00000000e9100000, 0x00000000e9100000|100%| O|  |TAMS 0x00000000e9100000, 0x00000000e9100000| Untracked 
| 145|0x00000000e9100000, 0x00000000e9200000, 0x00000000e9200000|100%| O|  |TAMS 0x00000000e9200000, 0x00000000e9200000| Untracked 
| 146|0x00000000e9200000, 0x00000000e9300000, 0x00000000e9300000|100%| O|  |TAMS 0x00000000e9300000, 0x00000000e9300000| Untracked 
| 147|0x00000000e9300000, 0x00000000e9400000, 0x00000000e9400000|100%| O|  |TAMS 0x00000000e9400000, 0x00000000e9400000| Untracked 
| 148|0x00000000e9400000, 0x00000000e9500000, 0x00000000e9500000|100%|HS|  |TAMS 0x00000000e9400000, 0x00000000e9400000| Complete 
| 149|0x00000000e9500000, 0x00000000e9600000, 0x00000000e9600000|100%|HC|  |TAMS 0x00000000e9500000, 0x00000000e9500000| Complete 
| 150|0x00000000e9600000, 0x00000000e9700000, 0x00000000e9700000|100%|HC|  |TAMS 0x00000000e9600000, 0x00000000e9600000| Complete 
| 151|0x00000000e9700000, 0x00000000e9800000, 0x00000000e9800000|100%|HS|  |TAMS 0x00000000e9700000, 0x00000000e9700000| Complete 
| 152|0x00000000e9800000, 0x00000000e9900000, 0x00000000e9900000|100%|HC|  |TAMS 0x00000000e9800000, 0x00000000e9800000| Complete 
| 153|0x00000000e9900000, 0x00000000e9a00000, 0x00000000e9a00000|100%|HC|  |TAMS 0x00000000e9900000, 0x00000000e9900000| Complete 
| 154|0x00000000e9a00000, 0x00000000e9b00000, 0x00000000e9b00000|100%|HC|  |TAMS 0x00000000e9a00000, 0x00000000e9a00000| Complete 
| 155|0x00000000e9b00000, 0x00000000e9c00000, 0x00000000e9c00000|100%|HC|  |TAMS 0x00000000e9b00000, 0x00000000e9b00000| Complete 
| 156|0x00000000e9c00000, 0x00000000e9d00000, 0x00000000e9d00000|100%|HS|  |TAMS 0x00000000e9c00000, 0x00000000e9c00000| Complete 
| 157|0x00000000e9d00000, 0x00000000e9e00000, 0x00000000e9e00000|100%|HC|  |TAMS 0x00000000e9d00000, 0x00000000e9d00000| Complete 
| 158|0x00000000e9e00000, 0x00000000e9f00000, 0x00000000e9f00000|100%|HC|  |TAMS 0x00000000e9e00000, 0x00000000e9e00000| Complete 
| 159|0x00000000e9f00000, 0x00000000ea000000, 0x00000000ea000000|100%|HS|  |TAMS 0x00000000e9f00000, 0x00000000e9f00000| Complete 
| 160|0x00000000ea000000, 0x00000000ea100000, 0x00000000ea100000|100%|HC|  |TAMS 0x00000000ea000000, 0x00000000ea000000| Complete 
| 161|0x00000000ea100000, 0x00000000ea200000, 0x00000000ea200000|100%|HC|  |TAMS 0x00000000ea100000, 0x00000000ea100000| Complete 
| 162|0x00000000ea200000, 0x00000000ea300000, 0x00000000ea300000|100%|HC|  |TAMS 0x00000000ea200000, 0x00000000ea200000| Complete 
| 163|0x00000000ea300000, 0x00000000ea400000, 0x00000000ea400000|100%|HC|  |TAMS 0x00000000ea300000, 0x00000000ea300000| Complete 
| 164|0x00000000ea400000, 0x00000000ea500000, 0x00000000ea500000|100%|HS|  |TAMS 0x00000000ea400000, 0x00000000ea400000| Complete 
| 165|0x00000000ea500000, 0x00000000ea600000, 0x00000000ea600000|100%|HC|  |TAMS 0x00000000ea500000, 0x00000000ea500000| Complete 
| 166|0x00000000ea600000, 0x00000000ea700000, 0x00000000ea700000|100%|HC|  |TAMS 0x00000000ea600000, 0x00000000ea600000| Complete 
| 167|0x00000000ea700000, 0x00000000ea800000, 0x00000000ea800000|100%| O|  |TAMS 0x00000000ea800000, 0x00000000ea800000| Untracked 
| 168|0x00000000ea800000, 0x00000000ea900000, 0x00000000ea900000|100%|HS|  |TAMS 0x00000000ea800000, 0x00000000ea800000| Complete 
| 169|0x00000000ea900000, 0x00000000eaa00000, 0x00000000eaa00000|100%|HC|  |TAMS 0x00000000ea900000, 0x00000000ea900000| Complete 
| 170|0x00000000eaa00000, 0x00000000eab00000, 0x00000000eab00000|100%|HC|  |TAMS 0x00000000eaa00000, 0x00000000eaa00000| Complete 
| 171|0x00000000eab00000, 0x00000000eac00000, 0x00000000eac00000|100%|HC|  |TAMS 0x00000000eab00000, 0x00000000eab00000| Complete 
| 172|0x00000000eac00000, 0x00000000ead00000, 0x00000000ead00000|100%|HC|  |TAMS 0x00000000eac00000, 0x00000000eac00000| Complete 
| 173|0x00000000ead00000, 0x00000000eae00000, 0x00000000eae00000|100%|HC|  |TAMS 0x00000000ead00000, 0x00000000ead00000| Complete 
| 174|0x00000000eae00000, 0x00000000eaf00000, 0x00000000eaf00000|100%|HC|  |TAMS 0x00000000eae00000, 0x00000000eae00000| Complete 
| 175|0x00000000eaf00000, 0x00000000eaf00000, 0x00000000eb000000|  0%| F|  |TAMS 0x00000000eaf00000, 0x00000000eaf00000| Untracked 
| 176|0x00000000eb000000, 0x00000000eb000000, 0x00000000eb100000|  0%| F|  |TAMS 0x00000000eb000000, 0x00000000eb000000| Untracked 
| 177|0x00000000eb100000, 0x00000000eb100000, 0x00000000eb200000|  0%| F|  |TAMS 0x00000000eb100000, 0x00000000eb100000| Untracked 
| 178|0x00000000eb200000, 0x00000000eb200000, 0x00000000eb300000|  0%| F|  |TAMS 0x00000000eb200000, 0x00000000eb200000| Untracked 
| 179|0x00000000eb300000, 0x00000000eb300000, 0x00000000eb400000|  0%| F|  |TAMS 0x00000000eb300000, 0x00000000eb300000| Untracked 
| 180|0x00000000eb400000, 0x00000000eb400000, 0x00000000eb500000|  0%| F|  |TAMS 0x00000000eb400000, 0x00000000eb400000| Untracked 
| 181|0x00000000eb500000, 0x00000000eb500000, 0x00000000eb600000|  0%| F|  |TAMS 0x00000000eb500000, 0x00000000eb500000| Untracked 
| 182|0x00000000eb600000, 0x00000000eb600000, 0x00000000eb700000|  0%| F|  |TAMS 0x00000000eb600000, 0x00000000eb600000| Untracked 
| 183|0x00000000eb700000, 0x00000000eb700000, 0x00000000eb800000|  0%| F|  |TAMS 0x00000000eb700000, 0x00000000eb700000| Untracked 
| 184|0x00000000eb800000, 0x00000000eb800000, 0x00000000eb900000|  0%| F|  |TAMS 0x00000000eb800000, 0x00000000eb800000| Untracked 
| 185|0x00000000eb900000, 0x00000000eb900000, 0x00000000eba00000|  0%| F|  |TAMS 0x00000000eb900000, 0x00000000eb900000| Untracked 
| 186|0x00000000eba00000, 0x00000000eba00000, 0x00000000ebb00000|  0%| F|  |TAMS 0x00000000eba00000, 0x00000000eba00000| Untracked 
| 187|0x00000000ebb00000, 0x00000000ebb00000, 0x00000000ebc00000|  0%| F|  |TAMS 0x00000000ebb00000, 0x00000000ebb00000| Untracked 
| 188|0x00000000ebc00000, 0x00000000ebc00000, 0x00000000ebd00000|  0%| F|  |TAMS 0x00000000ebc00000, 0x00000000ebc00000| Untracked 
| 189|0x00000000ebd00000, 0x00000000ebd00000, 0x00000000ebe00000|  0%| F|  |TAMS 0x00000000ebd00000, 0x00000000ebd00000| Untracked 
| 190|0x00000000ebe00000, 0x00000000ebe00000, 0x00000000ebf00000|  0%| F|  |TAMS 0x00000000ebe00000, 0x00000000ebe00000| Untracked 
| 191|0x00000000ebf00000, 0x00000000ebf00000, 0x00000000ec000000|  0%| F|  |TAMS 0x00000000ebf00000, 0x00000000ebf00000| Untracked 
| 192|0x00000000ec000000, 0x00000000ec000000, 0x00000000ec100000|  0%| F|  |TAMS 0x00000000ec000000, 0x00000000ec000000| Untracked 
| 193|0x00000000ec100000, 0x00000000ec100000, 0x00000000ec200000|  0%| F|  |TAMS 0x00000000ec100000, 0x00000000ec100000| Untracked 
| 194|0x00000000ec200000, 0x00000000ec200000, 0x00000000ec300000|  0%| F|  |TAMS 0x00000000ec200000, 0x00000000ec200000| Untracked 
| 195|0x00000000ec300000, 0x00000000ec300000, 0x00000000ec400000|  0%| F|  |TAMS 0x00000000ec300000, 0x00000000ec300000| Untracked 
| 196|0x00000000ec400000, 0x00000000ec400000, 0x00000000ec500000|  0%| F|  |TAMS 0x00000000ec400000, 0x00000000ec400000| Untracked 
| 197|0x00000000ec500000, 0x00000000ec500000, 0x00000000ec600000|  0%| F|  |TAMS 0x00000000ec500000, 0x00000000ec500000| Untracked 
| 198|0x00000000ec600000, 0x00000000ec600000, 0x00000000ec700000|  0%| F|  |TAMS 0x00000000ec600000, 0x00000000ec600000| Untracked 
| 199|0x00000000ec700000, 0x00000000ec700000, 0x00000000ec800000|  0%| F|  |TAMS 0x00000000ec700000, 0x00000000ec700000| Untracked 
| 200|0x00000000ec800000, 0x00000000ec800000, 0x00000000ec900000|  0%| F|  |TAMS 0x00000000ec800000, 0x00000000ec800000| Untracked 
| 201|0x00000000ec900000, 0x00000000ec900000, 0x00000000eca00000|  0%| F|  |TAMS 0x00000000ec900000, 0x00000000ec900000| Untracked 
| 202|0x00000000eca00000, 0x00000000eca00000, 0x00000000ecb00000|  0%| F|  |TAMS 0x00000000eca00000, 0x00000000eca00000| Untracked 
| 203|0x00000000ecb00000, 0x00000000ecb00000, 0x00000000ecc00000|  0%| F|  |TAMS 0x00000000ecb00000, 0x00000000ecb00000| Untracked 
| 204|0x00000000ecc00000, 0x00000000ecc00000, 0x00000000ecd00000|  0%| F|  |TAMS 0x00000000ecc00000, 0x00000000ecc00000| Untracked 
| 205|0x00000000ecd00000, 0x00000000ecd00000, 0x00000000ece00000|  0%| F|  |TAMS 0x00000000ecd00000, 0x00000000ecd00000| Untracked 
| 206|0x00000000ece00000, 0x00000000ecf00000, 0x00000000ecf00000|100%| S|CS|TAMS 0x00000000ece00000, 0x00000000ece00000| Complete 
| 207|0x00000000ecf00000, 0x00000000ed000000, 0x00000000ed000000|100%| S|CS|TAMS 0x00000000ecf00000, 0x00000000ecf00000| Complete 
| 208|0x00000000ed000000, 0x00000000ed100000, 0x00000000ed100000|100%| S|CS|TAMS 0x00000000ed000000, 0x00000000ed000000| Complete 
| 209|0x00000000ed100000, 0x00000000ed200000, 0x00000000ed200000|100%| S|CS|TAMS 0x00000000ed100000, 0x00000000ed100000| Complete 
| 210|0x00000000ed200000, 0x00000000ed200000, 0x00000000ed300000|  0%| F|  |TAMS 0x00000000ed200000, 0x00000000ed200000| Untracked 
| 211|0x00000000ed300000, 0x00000000ed300000, 0x00000000ed400000|  0%| F|  |TAMS 0x00000000ed300000, 0x00000000ed300000| Untracked 
| 212|0x00000000ed400000, 0x00000000ed400000, 0x00000000ed500000|  0%| F|  |TAMS 0x00000000ed400000, 0x00000000ed400000| Untracked 
| 213|0x00000000ed500000, 0x00000000ed500000, 0x00000000ed600000|  0%| F|  |TAMS 0x00000000ed500000, 0x00000000ed500000| Untracked 
| 214|0x00000000ed600000, 0x00000000ed600000, 0x00000000ed700000|  0%| F|  |TAMS 0x00000000ed600000, 0x00000000ed600000| Untracked 
| 215|0x00000000ed700000, 0x00000000ed700000, 0x00000000ed800000|  0%| F|  |TAMS 0x00000000ed700000, 0x00000000ed700000| Untracked 
| 216|0x00000000ed800000, 0x00000000ed800000, 0x00000000ed900000|  0%| F|  |TAMS 0x00000000ed800000, 0x00000000ed800000| Untracked 
| 217|0x00000000ed900000, 0x00000000ed900000, 0x00000000eda00000|  0%| F|  |TAMS 0x00000000ed900000, 0x00000000ed900000| Untracked 
| 218|0x00000000eda00000, 0x00000000eda00000, 0x00000000edb00000|  0%| F|  |TAMS 0x00000000eda00000, 0x00000000eda00000| Untracked 
| 219|0x00000000edb00000, 0x00000000edb00000, 0x00000000edc00000|  0%| F|  |TAMS 0x00000000edb00000, 0x00000000edb00000| Untracked 
| 220|0x00000000edc00000, 0x00000000edd00000, 0x00000000edd00000|100%| O|  |TAMS 0x00000000edd00000, 0x00000000edd00000| Untracked 
| 221|0x00000000edd00000, 0x00000000edd00000, 0x00000000ede00000|  0%| F|  |TAMS 0x00000000edd00000, 0x00000000edd00000| Untracked 
| 222|0x00000000ede00000, 0x00000000ede00000, 0x00000000edf00000|  0%| F|  |TAMS 0x00000000ede00000, 0x00000000ede00000| Untracked 
| 223|0x00000000edf00000, 0x00000000edf00000, 0x00000000ee000000|  0%| F|  |TAMS 0x00000000edf00000, 0x00000000edf00000| Untracked 
| 224|0x00000000ee000000, 0x00000000ee000000, 0x00000000ee100000|  0%| F|  |TAMS 0x00000000ee000000, 0x00000000ee000000| Untracked 
| 225|0x00000000ee100000, 0x00000000ee100000, 0x00000000ee200000|  0%| F|  |TAMS 0x00000000ee100000, 0x00000000ee100000| Untracked 
| 226|0x00000000ee200000, 0x00000000ee200000, 0x00000000ee300000|  0%| F|  |TAMS 0x00000000ee200000, 0x00000000ee200000| Untracked 
| 227|0x00000000ee300000, 0x00000000ee300000, 0x00000000ee400000|  0%| F|  |TAMS 0x00000000ee300000, 0x00000000ee300000| Untracked 
| 228|0x00000000ee400000, 0x00000000ee400000, 0x00000000ee500000|  0%| F|  |TAMS 0x00000000ee400000, 0x00000000ee400000| Untracked 
| 229|0x00000000ee500000, 0x00000000ee500000, 0x00000000ee600000|  0%| F|  |TAMS 0x00000000ee500000, 0x00000000ee500000| Untracked 
| 230|0x00000000ee600000, 0x00000000ee600000, 0x00000000ee700000|  0%| F|  |TAMS 0x00000000ee600000, 0x00000000ee600000| Untracked 
| 231|0x00000000ee700000, 0x00000000ee700000, 0x00000000ee800000|  0%| F|  |TAMS 0x00000000ee700000, 0x00000000ee700000| Untracked 
| 232|0x00000000ee800000, 0x00000000ee800000, 0x00000000ee900000|  0%| F|  |TAMS 0x00000000ee800000, 0x00000000ee800000| Untracked 
| 233|0x00000000ee900000, 0x00000000eea00000, 0x00000000eea00000|100%| E|  |TAMS 0x00000000ee900000, 0x00000000ee900000| Complete 
| 234|0x00000000eea00000, 0x00000000eeb00000, 0x00000000eeb00000|100%| E|CS|TAMS 0x00000000eea00000, 0x00000000eea00000| Complete 
| 235|0x00000000eeb00000, 0x00000000eec00000, 0x00000000eec00000|100%| E|CS|TAMS 0x00000000eeb00000, 0x00000000eeb00000| Complete 
| 236|0x00000000eec00000, 0x00000000eed00000, 0x00000000eed00000|100%| E|CS|TAMS 0x00000000eec00000, 0x00000000eec00000| Complete 
| 237|0x00000000eed00000, 0x00000000eee00000, 0x00000000eee00000|100%| E|CS|TAMS 0x00000000eed00000, 0x00000000eed00000| Complete 
| 238|0x00000000eee00000, 0x00000000eef00000, 0x00000000eef00000|100%| E|CS|TAMS 0x00000000eee00000, 0x00000000eee00000| Complete 
| 239|0x00000000eef00000, 0x00000000ef000000, 0x00000000ef000000|100%| E|CS|TAMS 0x00000000eef00000, 0x00000000eef00000| Complete 
| 240|0x00000000ef000000, 0x00000000ef100000, 0x00000000ef100000|100%| E|CS|TAMS 0x00000000ef000000, 0x00000000ef000000| Complete 

Card table byte_map: [0x000001e19c120000,0x000001e19c220000] _byte_map_base: 0x000001e19ba20000

Marking Bits (Prev, Next): (CMBitMap*) 0x000001e184627d68, (CMBitMap*) 0x000001e184627da0
 Prev Bits: [0x000001e19c320000, 0x000001e19cb20000)
 Next Bits: [0x000001e19cb20000, 0x000001e19d320000)

Polling page: 0x000001e182610000

Metaspace:

Usage:
  Non-class:     27.88 MB capacity,    27.48 MB ( 99%) used,   330.14 KB (  1%) free+waste,    77.25 KB ( <1%) overhead. 
      Class:      3.29 MB capacity,     3.04 MB ( 92%) used,   227.34 KB (  7%) free+waste,    32.94 KB ( <1%) overhead. 
       Both:     31.17 MB capacity,    30.52 MB ( 98%) used,   557.48 KB (  2%) free+waste,   110.19 KB ( <1%) overhead. 

Virtual space:
  Non-class space:       28.00 MB reserved,      28.00 MB (100%) committed 
      Class space:        1.00 GB reserved,       3.38 MB ( <1%) committed 
             Both:        1.03 GB reserved,      31.38 MB (  3%) committed 

Chunk freelists:
   Non-Class:  63.00 KB
       Class:  0 bytes
        Both:  63.00 KB

MaxMetaspaceSize: 17179869184.00 GB
CompressedClassSpaceSize: 1.00 GB

CodeHeap 'non-profiled nmethods': size=120000Kb used=5723Kb max_used=5723Kb free=114277Kb
 bounds [0x000001e1947c0000, 0x000001e194d60000, 0x000001e19bcf0000]
CodeHeap 'profiled nmethods': size=120000Kb used=15960Kb max_used=15960Kb free=104039Kb
 bounds [0x000001e18d290000, 0x000001e18e230000, 0x000001e1947c0000]
CodeHeap 'non-nmethods': size=5760Kb used=1168Kb max_used=1211Kb free=4592Kb
 bounds [0x000001e18ccf0000, 0x000001e18cf60000, 0x000001e18d290000]
 total_blobs=7338 nmethods=6822 adapters=427
 compilation: enabled
              stopped_count=0, restarted_count=0
 full_count=0

Compilation events (20 events):
Event: 133.219 Thread 0x000001e19fd47000 nmethod 7379 0x000001e194d48510 code [0x000001e194d486a0, 0x000001e194d48858]
Event: 133.219 Thread 0x000001e19fd47000 7385       4       java.util.regex.Matcher::start (65 bytes)
Event: 133.221 Thread 0x000001e19fd47000 nmethod 7385 0x000001e194d48990 code [0x000001e194d48b20, 0x000001e194d48c18]
Event: 133.221 Thread 0x000001e19fd47000 7384       4       org.languagetool.rules.RuleMatch$$Lambda$262/0x000000010031e040::get (10 bytes)
Event: 133.222 Thread 0x000001e19fd47000 nmethod 7384 0x000001e194d48d90 code [0x000001e194d48f20, 0x000001e194d48fb8]
Event: 135.774 Thread 0x000001e19fd47000 7386 %     4       org.bsplines.ltexls.server.CodeActionGenerator::generate @ 172 (421 bytes)
Event: 136.294 Thread 0x000001e19fd47000 nmethod 7386% 0x000001e194d49090 code [0x000001e194d49520, 0x000001e194d4e808]
Event: 138.387 Thread 0x000001e19fd4c800 7387       3       org.eclipse.lsp4j.jsonrpc.json.adapters.EnumTypeAdapter::read (6 bytes)
Event: 138.387 Thread 0x000001e19fd4c800 nmethod 7387 0x000001e18e224290 code [0x000001e18e224440, 0x000001e18e224588]
Event: 138.387 Thread 0x000001e19fd4c800 7388   !   3       org.eclipse.lsp4j.jsonrpc.json.adapters.EnumTypeAdapter::read (86 bytes)
Event: 138.389 Thread 0x000001e19fd4c800 nmethod 7388 0x000001e18e224610 code [0x000001e18e2248e0, 0x000001e18e2258f8]
Event: 138.390 Thread 0x000001e19fd47000 7389       4       java.text.MessageFormat::subformat (540 bytes)
Event: 138.459 Thread 0x000001e19fd47000 nmethod 7389 0x000001e194d51910 code [0x000001e194d51b40, 0x000001e194d53710]
Event: 138.459 Thread 0x000001e19fd47000 7390 %     4       org.bsplines.ltexls.server.CodeActionGenerator::generate @ 357 (421 bytes)
Event: 138.490 Thread 0x000001e19fd47000 nmethod 7390% 0x000001e194d54310 code [0x000001e194d54500, 0x000001e194d550c8]
Event: 138.490 Thread 0x000001e19fd47000 7391       4       org.eclipse.lsp4j.adapters.VersionedTextDocumentIdentifierTypeAdapter::write (10 bytes)
Event: 138.492 Thread 0x000001e19fd47000 nmethod 7391 0x000001e194d55790 code [0x000001e194d55940, 0x000001e194d55a08]
Event: 140.939 Thread 0x000001e19fd47000 7392 %     4       java.lang.StringCoding::decodeUTF8_0 @ 199 (897 bytes)
Event: 140.963 Thread 0x000001e19fd47000 nmethod 7392% 0x000001e194d55b10 code [0x000001e194d55ce0, 0x000001e194d56518]
Event: 140.963 Thread 0x000001e19fd47000 7393       4       org.bsplines.ltexls.server.CodeActionGenerator::generate (421 bytes)

GC Heap History (20 events):
Event: 109.034 GC heap before
{Heap before GC invocations=122 (full 0):
 garbage-first heap   total 246784K, used 222447K [0x00000000e0000000, 0x0000000100000000)
  region size 1024K, 70 young (71680K), 2 survivors (2048K)
 Metaspace       used 31065K, capacity 31718K, committed 31872K, reserved 1077248K
  class space    used 3108K, capacity 3371K, committed 3456K, reserved 1048576K
}
Event: 109.037 GC heap after
{Heap after GC invocations=123 (full 0):
 garbage-first heap   total 246784K, used 139524K [0x00000000e0000000, 0x0000000100000000)
  region size 1024K, 2 young (2048K), 2 survivors (2048K)
 Metaspace       used 31065K, capacity 31718K, committed 31872K, reserved 1077248K
  class space    used 3108K, capacity 3371K, committed 3456K, reserved 1048576K
}
Event: 113.893 GC heap before
{Heap before GC invocations=123 (full 0):
 garbage-first heap   total 246784K, used 210180K [0x00000000e0000000, 0x0000000100000000)
  region size 1024K, 71 young (72704K), 2 survivors (2048K)
 Metaspace       used 31082K, capacity 31718K, committed 31872K, reserved 1077248K
  class space    used 3108K, capacity 3371K, committed 3456K, reserved 1048576K
}
Event: 113.896 GC heap after
{Heap after GC invocations=124 (full 0):
 garbage-first heap   total 246784K, used 139952K [0x00000000e0000000, 0x0000000100000000)
  region size 1024K, 3 young (3072K), 3 survivors (3072K)
 Metaspace       used 31082K, capacity 31718K, committed 31872K, reserved 1077248K
  class space    used 3108K, capacity 3371K, committed 3456K, reserved 1048576K
}
Event: 118.635 GC heap before
{Heap before GC invocations=125 (full 0):
 garbage-first heap   total 246784K, used 209584K [0x00000000e0000000, 0x0000000100000000)
  region size 1024K, 71 young (72704K), 3 survivors (3072K)
 Metaspace       used 31101K, capacity 31718K, committed 31872K, reserved 1077248K
  class space    used 3108K, capacity 3371K, committed 3456K, reserved 1048576K
}
Event: 118.637 GC heap after
{Heap after GC invocations=126 (full 0):
 garbage-first heap   total 246784K, used 139378K [0x00000000e0000000, 0x0000000100000000)
  region size 1024K, 2 young (2048K), 2 survivors (2048K)
 Metaspace       used 31101K, capacity 31718K, committed 31872K, reserved 1077248K
  class space    used 3108K, capacity 3371K, committed 3456K, reserved 1048576K
}
Event: 122.702 GC heap before
{Heap before GC invocations=126 (full 0):
 garbage-first heap   total 246784K, used 212082K [0x00000000e0000000, 0x0000000100000000)
  region size 1024K, 73 young (74752K), 2 survivors (2048K)
 Metaspace       used 31190K, capacity 31847K, committed 32128K, reserved 1077248K
  class space    used 3108K, capacity 3371K, committed 3456K, reserved 1048576K
}
Event: 122.706 GC heap after
{Heap after GC invocations=127 (full 0):
 garbage-first heap   total 246784K, used 139600K [0x00000000e0000000, 0x0000000100000000)
  region size 1024K, 2 young (2048K), 2 survivors (2048K)
 Metaspace       used 31190K, capacity 31847K, committed 32128K, reserved 1077248K
  class space    used 3108K, capacity 3371K, committed 3456K, reserved 1048576K
}
Event: 129.530 GC heap before
{Heap before GC invocations=128 (full 0):
 garbage-first heap   total 246784K, used 171344K [0x00000000e0000000, 0x0000000100000000)
  region size 1024K, 34 young (34816K), 2 survivors (2048K)
 Metaspace       used 31190K, capacity 31847K, committed 32128K, reserved 1077248K
  class space    used 3108K, capacity 3371K, committed 3456K, reserved 1048576K
}
Event: 129.535 GC heap after
{Heap after GC invocations=129 (full 0):
 garbage-first heap   total 246784K, used 141788K [0x00000000e0000000, 0x0000000100000000)
  region size 1024K, 5 young (5120K), 5 survivors (5120K)
 Metaspace       used 31190K, capacity 31847K, committed 32128K, reserved 1077248K
  class space    used 3108K, capacity 3371K, committed 3456K, reserved 1048576K
}
Event: 131.075 GC heap before
{Heap before GC invocations=130 (full 0):
 garbage-first heap   total 246784K, used 220636K [0x00000000e0000000, 0x0000000100000000)
  region size 1024K, 59 young (60416K), 5 survivors (5120K)
 Metaspace       used 31213K, capacity 31847K, committed 32128K, reserved 1077248K
  class space    used 3108K, capacity 3371K, committed 3456K, reserved 1048576K
}
Event: 131.080 GC heap after
{Heap after GC invocations=131 (full 0):
 garbage-first heap   total 246784K, used 141349K [0x00000000e0000000, 0x0000000100000000)
  region size 1024K, 4 young (4096K), 4 survivors (4096K)
 Metaspace       used 31213K, capacity 31847K, committed 32128K, reserved 1077248K
  class space    used 3108K, capacity 3371K, committed 3456K, reserved 1048576K
}
Event: 131.250 GC heap before
{Heap before GC invocations=131 (full 0):
 garbage-first heap   total 246784K, used 172069K [0x00000000e0000000, 0x0000000100000000)
  region size 1024K, 29 young (29696K), 4 survivors (4096K)
 Metaspace       used 31221K, capacity 31847K, committed 32128K, reserved 1077248K
  class space    used 3108K, capacity 3371K, committed 3456K, reserved 1048576K
}
Event: 131.272 GC heap after
{Heap after GC invocations=132 (full 0):
 garbage-first heap   total 246784K, used 144319K [0x00000000e0000000, 0x0000000100000000)
  region size 1024K, 4 young (4096K), 4 survivors (4096K)
 Metaspace       used 31221K, capacity 31847K, committed 32128K, reserved 1077248K
  class space    used 3108K, capacity 3371K, committed 3456K, reserved 1048576K
}
Event: 135.789 GC heap before
{Heap before GC invocations=133 (full 0):
 garbage-first heap   total 246784K, used 172991K [0x00000000e0000000, 0x0000000100000000)
  region size 1024K, 26 young (26624K), 4 survivors (4096K)
 Metaspace       used 31233K, capacity 31852K, committed 32128K, reserved 1077248K
  class space    used 3108K, capacity 3371K, committed 3456K, reserved 1048576K
}
Event: 135.793 GC heap after
{Heap after GC invocations=134 (full 0):
 garbage-first heap   total 246784K, used 141480K [0x00000000e0000000, 0x0000000100000000)
  region size 1024K, 4 young (4096K), 4 survivors (4096K)
 Metaspace       used 31233K, capacity 31852K, committed 32128K, reserved 1077248K
  class space    used 3108K, capacity 3371K, committed 3456K, reserved 1048576K
}
Event: 138.414 GC heap before
{Heap before GC invocations=135 (full 0):
 garbage-first heap   total 246784K, used 172200K [0x00000000e0000000, 0x0000000100000000)
  region size 1024K, 22 young (22528K), 4 survivors (4096K)
 Metaspace       used 31234K, capacity 31852K, committed 32128K, reserved 1077248K
  class space    used 3108K, capacity 3371K, committed 3456K, reserved 1048576K
}
Event: 138.420 GC heap after
{Heap after GC invocations=136 (full 0):
 garbage-first heap   total 246784K, used 143004K [0x00000000e0000000, 0x0000000100000000)
  region size 1024K, 6 young (6144K), 6 survivors (6144K)
 Metaspace       used 31234K, capacity 31852K, committed 32128K, reserved 1077248K
  class space    used 3108K, capacity 3371K, committed 3456K, reserved 1048576K
}
Event: 140.970 GC heap before
{Heap before GC invocations=137 (full 0):
 garbage-first heap   total 246784K, used 196252K [0x00000000e0000000, 0x0000000100000000)
  region size 1024K, 30 young (30720K), 6 survivors (6144K)
 Metaspace       used 31234K, capacity 31852K, committed 32128K, reserved 1077248K
  class space    used 3108K, capacity 3371K, committed 3456K, reserved 1048576K
}
Event: 140.979 GC heap after
{Heap after GC invocations=138 (full 0):
 garbage-first heap   total 246784K, used 143094K [0x00000000e0000000, 0x0000000100000000)
  region size 1024K, 4 young (4096K), 4 survivors (4096K)
 Metaspace       used 31234K, capacity 31852K, committed 32128K, reserved 1077248K
  class space    used 3108K, capacity 3371K, committed 3456K, reserved 1048576K
}

Deoptimization events (20 events):
Event: 122.724 Thread 0x000001e1a2df5000 Uncommon trap: trap_request=0xffffffcc fr.pc=0x000001e194d26850 relative=0x0000000000000310
Event: 122.724 Thread 0x000001e1a2df5000 Uncommon trap: reason=intrinsic_or_type_checked_inlining action=make_not_entrant pc=0x000001e194d26850 method=java.util.Arrays.copyOfRange([Ljava/lang/Object;IILjava/lang/Class;)[Ljava/lang/Object; @ 83 c2
Event: 122.724 Thread 0x000001e1a2df5000 DEOPT PACKING pc=0x000001e194d26850 sp=0x0000005dd47fdbb0
Event: 122.724 Thread 0x000001e1a2df5000 DEOPT UNPACKING pc=0x000001e18cd178af sp=0x0000005dd47fdb30 mode 2
Event: 130.710 Thread 0x000001e1a2df5000 Uncommon trap: trap_request=0xffffffbe fr.pc=0x000001e194d154c0 relative=0x0000000000000d40
Event: 130.710 Thread 0x000001e1a2df5000 Uncommon trap: reason=profile_predicate action=maybe_recompile pc=0x000001e194d154c0 method=org.bsplines.ltexls.server.LtexTextDocumentItem.guessCaretPositionInFullUpdate(Ljava/lang/String;)Lorg/eclipse/lsp4j/Position; @ 12 c2
Event: 130.710 Thread 0x000001e1a2df5000 DEOPT PACKING pc=0x000001e194d154c0 sp=0x0000005dd47fddd0
Event: 130.710 Thread 0x000001e1a2df5000 DEOPT UNPACKING pc=0x000001e18cd178af sp=0x0000005dd47fdd68 mode 2
Event: 130.710 Thread 0x000001e1a2df5000 Uncommon trap: trap_request=0xffffffbe fr.pc=0x000001e194d073e0 relative=0x0000000000000ee0
Event: 130.710 Thread 0x000001e1a2df5000 Uncommon trap: reason=profile_predicate action=maybe_recompile pc=0x000001e194d073e0 method=org.bsplines.ltexls.server.LtexTextDocumentItem.guessCaretPositionInFullUpdate(Ljava/lang/String;)Lorg/eclipse/lsp4j/Position; @ 53 c2
Event: 130.710 Thread 0x000001e1a2df5000 DEOPT PACKING pc=0x000001e194d073e0 sp=0x0000005dd47fddb0
Event: 130.710 Thread 0x000001e1a2df5000 DEOPT UNPACKING pc=0x000001e18cd178af sp=0x0000005dd47fdd68 mode 2
Event: 131.090 Thread 0x000001e1a2df5000 DEOPT PACKING pc=0x000001e18de490ee sp=0x0000005dd47fd730
Event: 131.090 Thread 0x000001e1a2df5000 DEOPT UNPACKING pc=0x000001e18cd176ce sp=0x0000005dd47fcdb0 mode 0
Event: 133.054 Thread 0x000001e1a2df5000 Uncommon trap: trap_request=0xffffff7e fr.pc=0x000001e194d347e8 relative=0x0000000000000de8
Event: 133.054 Thread 0x000001e1a2df5000 Uncommon trap: reason=predicate action=maybe_recompile pc=0x000001e194d347e8 method=org.bsplines.ltexls.server.LtexTextDocumentItem.guessCaretPositionInFullUpdate(Ljava/lang/String;)Lorg/eclipse/lsp4j/Position; @ 12 c2
Event: 133.054 Thread 0x000001e1a2df5000 DEOPT PACKING pc=0x000001e194d347e8 sp=0x0000005dd47fddc0
Event: 133.054 Thread 0x000001e1a2df5000 DEOPT UNPACKING pc=0x000001e18cd178af sp=0x0000005dd47fdd68 mode 2
Event: 140.963 Thread 0x000001e1a2df5000 DEOPT PACKING pc=0x000001e18e047d25 sp=0x0000005dd47fe2c0
Event: 140.963 Thread 0x000001e1a2df5000 DEOPT UNPACKING pc=0x000001e18cd176ce sp=0x0000005dd47fd8f8 mode 0

Classes redefined (0 events):
No events

Internal exceptions (20 events):
Event: 10.558 Thread 0x000001e1a2df5000 Exception <a 'java/lang/NoSuchMethodError'{0x00000000e45588f0}: 'void java.lang.invoke.DirectMethodHandle$Holder.invokeStaticInit(java.lang.Object, java.lang.Object, java.lang.Object)'> (0x00000000e45588f0) thrown at [./src/hotspot/share/interpreter/linkResolver.cpp, line 773]
Event: 10.621 Thread 0x000001e1a2df5000 Exception <a 'java/lang/NoSuchMethodError'{0x00000000e4342f40}: 'java.lang.Object java.lang.invoke.DirectMethodHandle$Holder.newInvokeSpecial(java.lang.Object, java.lang.Object, java.lang.Object, java.lang.Object, java.lang.Object, java.lang.Object, java.lang.Object)'> (0x00000000e4342f40) thrown at [./src/hotspot/share/interpreter/linkResolver.cpp, line 773]
Event: 10.648 Thread 0x000001e1a2df5000 Exception <a 'java/lang/NoSuchMethodError'{0x00000000e43f6c78}: 'int java.lang.invoke.DirectMethodHandle$Holder.invokeStatic(java.lang.Object, int, int, int, int)'> (0x00000000e43f6c78) thrown at [./src/hotspot/share/interpreter/linkResolver.cpp, line 773]
Event: 10.649 Thread 0x000001e1a2df5000 Exception <a 'java/lang/NoSuchMethodError'{0x00000000e43fc988}: 'java.lang.Object java.lang.invoke.DirectMethodHandle$Holder.invokeStatic(java.lang.Object, int, int, int)'> (0x00000000e43fc988) thrown at [./src/hotspot/share/interpreter/linkResolver.cpp, line 773]
Event: 10.871 Thread 0x000001e1a2df5000 Exception <a 'java/lang/NoSuchMethodError'{0x00000000e3e8ac00}: 'java.lang.Object java.lang.invoke.DirectMethodHandle$Holder.invokeStatic(java.lang.Object, java.lang.Object, java.lang.Object, java.lang.Object, java.lang.Object, java.lang.Object, java.lang.Object, java.lang.Object, java.lang.Object, java.lang.Object, java.lang.Object, int)'> (0x00000000e3e8ac00) thrown at [./src/hotspot/share/interpreter/linkResolver.cpp, line 773]
Event: 10.874 Thread 0x000001e1a2df5000 Exception <a 'java/lang/NoSuchMethodError'{0x00000000e3ea8e08}: 'java.lang.Object java.lang.invoke.DirectMethodHandle$Holder.invokeStatic(java.lang.Object, java.lang.Object, java.lang.Object, java.lang.Object, java.lang.Object, java.lang.Object, java.lang.Object, java.lang.Object, java.lang.Object, java.lang.Object, java.lang.Object, int, int)'> (0x00000000e3ea8e08) thrown at [./src/hotspot/share/interpreter/linkResolver.cpp, line 773]
Event: 10.878 Thread 0x000001e1a2df5000 Exception <a 'java/lang/NoSuchMethodError'{0x00000000e3ec7fe8}: 'java.lang.Object java.lang.invoke.DirectMethodHandle$Holder.invokeStatic(java.lang.Object, java.lang.Object, java.lang.Object, java.lang.Object, java.lang.Object, java.lang.Object, java.lang.Object, java.lang.Object, java.lang.Object, java.lang.Object, java.lang.Object, int, int, java.lang.Object)'> (0x00000000e3ec7fe8) thrown at [./src/hotspot/share/interpreter/linkResolver.cpp, line 773]
Event: 10.881 Thread 0x000001e1a2df5000 Exception <a 'java/lang/NoSuchMethodError'{0x00000000e3ed4040}: 'java.lang.Object java.lang.invoke.Invokers$Holder.linkToTargetMethod(java.lang.Object, int, java.lang.Object)'> (0x00000000e3ed4040) thrown at [./src/hotspot/share/interpreter/linkResolver.cpp, line 773]
Event: 14.491 Thread 0x000001e1a2df5000 Implicit null exception at 0x000001e194864d14 to 0x000001e1948652fc
Event: 14.491 Thread 0x000001e1a2df5000 Implicit null exception at 0x000001e19485f594 to 0x000001e19485fb6c
Event: 14.914 Thread 0x000001e1a2df5000 Exception <a 'java/lang/NoSuchMethodError'{0x00000000eaa5d568}: 'java.lang.Object java.lang.invoke.Invokers$Holder.linkToTargetMethod(java.lang.Object, java.lang.Object, java.lang.Object, java.lang.Object, java.lang.Object, java.lang.Object)'> (0x00000000eaa5d568) thrown at [./src/hotspot/share/interpreter/linkResolver.cpp, line 773]
Event: 16.948 Thread 0x000001e1a2df5000 Implicit null exception at 0x000001e1949a86ef to 0x000001e1949a8798
Event: 17.373 Thread 0x000001e1a2df5000 Implicit null exception at 0x000001e194af5a11 to 0x000001e194af7b8c
Event: 19.137 Thread 0x000001e1a2df5000 Exception <a 'java/lang/NoSuchMethodError'{0x00000000eda05858}: 'java.lang.Object java.lang.invoke.DirectMethodHandle$Holder.invokeStatic(java.lang.Object, java.lang.Object, java.lang.Object, int, java.lang.Object, java.lang.Object, java.lang.Object)'> (0x00000000eda05858) thrown at [./src/hotspot/share/interpreter/linkResolver.cpp, line 773]
Event: 19.145 Thread 0x000001e1a2df5000 Implicit null exception at 0x000001e1948b91ec to 0x000001e1948b9294
Event: 20.752 Thread 0x000001e1a2df5000 Exception <a 'java/lang/NoSuchMethodError'{0x00000000ed14e7c0}: 'java.lang.Object java.lang.invoke.DirectMethodHandle$Holder.invokeStatic(java.lang.Object, java.lang.Object, java.lang.Object, java.lang.Object, java.lang.Object, java.lang.Object, java.lang.Object, java.lang.Object, java.lang.Object, java.lang.Object, java.lang.Object, java.lang.Object, java.lang.Object, int)'> (0x00000000ed14e7c0) thrown at [./src/hotspot/share/interpreter/linkResolver.cpp, line 773]
Event: 20.755 Thread 0x000001e1a2df5000 Exception <a 'java/lang/NoSuchMethodError'{0x00000000ed15af10}: 'java.lang.Object java.lang.invoke.DirectMethodHandle$Holder.invokeStatic(java.lang.Object, java.lang.Object, java.lang.Object, java.lang.Object, java.lang.Object, java.lang.Object, java.lang.Object, java.lang.Object, java.lang.Object, java.lang.Object, java.lang.Object, java.lang.Object, java.lang.Object, int, int)'> (0x00000000ed15af10) thrown at [./src/hotspot/share/interpreter/linkResolver.cpp, line 773]
Event: 26.661 Thread 0x000001e1a2df5000 Implicit null exception at 0x000001e194c05f0c to 0x000001e194c0838c
Event: 93.877 Thread 0x000001e1a2df5000 Implicit null exception at 0x000001e194c73071 to 0x000001e194c73b58
Event: 94.215 Thread 0x000001e1a2df5000 Implicit null exception at 0x000001e194c7496f to 0x000001e194c749dd

Events (20 events):
Event: 132.722 Executing VM operation: RevokeBias
Event: 132.722 Executing VM operation: RevokeBias done
Event: 132.722 Thread 0x000001e1a1882000 Thread exited: 0x000001e1a1882000
Event: 134.229 Executing VM operation: RevokeBias
Event: 134.229 Executing VM operation: RevokeBias done
Event: 134.229 Thread 0x000001e1a132c000 Thread exited: 0x000001e1a132c000
Event: 135.789 Executing VM operation: G1CollectForAllocation
Event: 135.793 Executing VM operation: G1CollectForAllocation done
Event: 136.034 Executing VM operation: CGC_Operation
Event: 136.041 Executing VM operation: CGC_Operation done
Event: 136.175 Executing VM operation: CGC_Operation
Event: 136.175 Executing VM operation: CGC_Operation done
Event: 138.414 Executing VM operation: G1CollectForAllocation
Event: 138.420 Executing VM operation: G1CollectForAllocation done
Event: 138.666 Executing VM operation: CGC_Operation
Event: 138.672 Executing VM operation: CGC_Operation done
Event: 138.809 Executing VM operation: CGC_Operation
Event: 138.810 Executing VM operation: CGC_Operation done
Event: 140.970 Executing VM operation: G1CollectForAllocation
Event: 140.979 Executing VM operation: G1CollectForAllocation done


Dynamic libraries:
0x00007ff7946f0000 - 0x00007ff7946fd000 	C:\Program Files\AdoptOpenJDK\jdk-11.0.10.9-hotspot\bin\java.exe
0x00007ffafd3f0000 - 0x00007ffafd5e5000 	C:\Windows\SYSTEM32\ntdll.dll
0x00007ffafc230000 - 0x00007ffafc2ed000 	C:\Windows\System32\KERNEL32.DLL
0x00007ffafab30000 - 0x00007ffafadf8000 	C:\Windows\System32\KERNELBASE.dll
0x00007ffafb350000 - 0x00007ffafb450000 	C:\Windows\System32\ucrtbase.dll
0x00007ffaf7e20000 - 0x00007ffaf7e37000 	C:\Program Files\AdoptOpenJDK\jdk-11.0.10.9-hotspot\bin\jli.dll
0x00007ffaf4a10000 - 0x00007ffaf4a25000 	C:\Program Files\AdoptOpenJDK\jdk-11.0.10.9-hotspot\bin\VCRUNTIME140.dll
0x00007ffafcac0000 - 0x00007ffafcc60000 	C:\Windows\System32\USER32.dll
0x00007ffafae00000 - 0x00007ffafae22000 	C:\Windows\System32\win32u.dll
0x00007ffafb450000 - 0x00007ffafb47a000 	C:\Windows\System32\GDI32.dll
0x00007ffafaf00000 - 0x00007ffafb00b000 	C:\Windows\System32\gdi32full.dll
0x00007ffaf9f50000 - 0x00007ffafa1ea000 	C:\Windows\WinSxS\amd64_microsoft.windows.common-controls_6595b64144ccf1df_6.0.19041.844_none_ca00b6081b84eb1d\COMCTL32.dll
0x00007ffafae60000 - 0x00007ffafaefd000 	C:\Windows\System32\msvcp_win.dll
0x00007ffafc190000 - 0x00007ffafc22e000 	C:\Windows\System32\msvcrt.dll
0x00007ffafc4a0000 - 0x00007ffafc4d0000 	C:\Windows\System32\IMM32.DLL
0x00007ffacca90000 - 0x00007ffaccb2b000 	C:\Program Files\AdoptOpenJDK\jdk-11.0.10.9-hotspot\bin\msvcp140.dll
0x00007ffa9b8a0000 - 0x00007ffa9c3e3000 	C:\Program Files\AdoptOpenJDK\jdk-11.0.10.9-hotspot\bin\server\jvm.dll
0x00007ffafc8f0000 - 0x00007ffafc99c000 	C:\Windows\System32\ADVAPI32.dll
0x00007ffafc2f0000 - 0x00007ffafc38b000 	C:\Windows\System32\sechost.dll
0x00007ffafc5b0000 - 0x00007ffafc6db000 	C:\Windows\System32\RPCRT4.dll
0x00007ffafba90000 - 0x00007ffafba98000 	C:\Windows\System32\PSAPI.DLL
0x00007ffae0bb0000 - 0x00007ffae0bb9000 	C:\Windows\SYSTEM32\WSOCK32.dll
0x00007ffaf7060000 - 0x00007ffaf706a000 	C:\Windows\SYSTEM32\VERSION.dll
0x00007ffafbaa0000 - 0x00007ffafbb0b000 	C:\Windows\System32\WS2_32.dll
0x00007ffae7b10000 - 0x00007ffae7b37000 	C:\Windows\SYSTEM32\WINMM.dll
0x00007ffaf8db0000 - 0x00007ffaf8dc2000 	C:\Windows\SYSTEM32\kernel.appcore.dll
0x00007ffaf81f0000 - 0x00007ffaf8200000 	C:\Program Files\AdoptOpenJDK\jdk-11.0.10.9-hotspot\bin\verify.dll
0x00007ffafa560000 - 0x00007ffafa744000 	C:\Windows\SYSTEM32\DBGHELP.DLL
0x00007ffafa310000 - 0x00007ffafa33c000 	C:\Windows\SYSTEM32\dbgcore.DLL
0x00007ffafb010000 - 0x00007ffafb090000 	C:\Windows\System32\bcryptPrimitives.dll
0x00007ffadf290000 - 0x00007ffadf2b8000 	C:\Program Files\AdoptOpenJDK\jdk-11.0.10.9-hotspot\bin\java.dll
0x00007ffaf8110000 - 0x00007ffaf811a000 	C:\Program Files\AdoptOpenJDK\jdk-11.0.10.9-hotspot\bin\jimage.dll
0x00007ffaef110000 - 0x00007ffaef127000 	C:\Program Files\AdoptOpenJDK\jdk-11.0.10.9-hotspot\bin\zip.dll
0x00007ffafcc60000 - 0x00007ffafd3a2000 	C:\Windows\System32\SHELL32.dll
0x00007ffaf8410000 - 0x00007ffaf8ba1000 	C:\Windows\SYSTEM32\windows.storage.dll
0x00007ffafb480000 - 0x00007ffafb7d5000 	C:\Windows\System32\combase.dll
0x00007ffaf9eb0000 - 0x00007ffaf9edc000 	C:\Windows\SYSTEM32\Wldp.dll
0x00007ffafc4f0000 - 0x00007ffafc59e000 	C:\Windows\System32\SHCORE.dll
0x00007ffafc7c0000 - 0x00007ffafc815000 	C:\Windows\System32\shlwapi.dll
0x00007ffafaa70000 - 0x00007ffafaa8f000 	C:\Windows\SYSTEM32\profapi.dll
0x00007ffadf270000 - 0x00007ffadf289000 	C:\Program Files\AdoptOpenJDK\jdk-11.0.10.9-hotspot\bin\net.dll
0x00007ffaf7bf0000 - 0x00007ffaf7cfb000 	C:\Windows\SYSTEM32\WINHTTP.dll
0x00007ffaf9c10000 - 0x00007ffaf9c7a000 	C:\Windows\system32\mswsock.dll
0x00007ffadf230000 - 0x00007ffadf242000 	C:\Program Files\AdoptOpenJDK\jdk-11.0.10.9-hotspot\bin\nio.dll

dbghelp: loaded successfully - version: 4.0.5 - missing functions: none
symbol engine: initialized successfully - sym options: 0x614 - pdb path: .;C:\Program Files\AdoptOpenJDK\jdk-11.0.10.9-hotspot\bin;C:\Windows\SYSTEM32;C:\Windows\WinSxS\amd64_microsoft.windows.common-controls_6595b64144ccf1df_6.0.19041.844_none_ca00b6081b84eb1d;C:\Program Files\AdoptOpenJDK\jdk-11.0.10.9-hotspot\bin\server

VM Arguments:
jvm_args: -Xms64m -Xmx512m -Dapp.name=ltex-ls -Dapp.repo=c:\Users\immuc\.vscode\extensions\valentjn.vscode-ltex-10.1.0\lib\ltex-ls-12.0.0\lib -Dapp.home=c:\Users\immuc\.vscode\extensions\valentjn.vscode-ltex-10.1.0\lib\ltex-ls-12.0.0 -Dbasedir=c:\Users\immuc\.vscode\extensions\valentjn.vscode-ltex-10.1.0\lib\ltex-ls-12.0.0 
java_command: LtexLanguageServerLauncher
java_class_path (initial): c:\Users\immuc\.vscode\extensions\valentjn.vscode-ltex-10.1.0\lib\ltex-ls-12.0.0\etc;c:\Users\immuc\.vscode\extensions\valentjn.vscode-ltex-10.1.0\lib\ltex-ls-12.0.0\lib\ltexls-languagetool-patch-12.0.0.jar;c:\Users\immuc\.vscode\extensions\valentjn.vscode-ltex-10.1.0\lib\ltex-ls-12.0.0\lib\aho-corasick-double-array-trie-1.2.2.jar;c:\Users\immuc\.vscode\extensions\valentjn.vscode-ltex-10.1.0\lib\ltex-ls-12.0.0\lib\annotations-12.0.jar;c:\Users\immuc\.vscode\extensions\valentjn.vscode-ltex-10.1.0\lib\ltex-ls-12.0.0\lib\annotations-20.1.0.jar;c:\Users\immuc\.vscode\extensions\valentjn.vscode-ltex-10.1.0\lib\ltex-ls-12.0.0\lib\annotations-4.1.1.4.jar;c:\Users\immuc\.vscode\extensions\valentjn.vscode-ltex-10.1.0\lib\ltex-ls-12.0.0\lib\bridj-0.7.0.jar;c:\Users\immuc\.vscode\extensions\valentjn.vscode-ltex-10.1.0\lib\ltex-ls-12.0.0\lib\catalan-pos-dict-2.14.jar;c:\Users\immuc\.vscode\extensions\valentjn.vscode-ltex-10.1.0\lib\ltex-ls-12.0.0\lib\checker-qual-3.12.0.jar;c:\Users\immuc\.vscode\extensions\valentjn.vscode-ltex-10.1.0\lib\ltex-ls-12.0.0\lib\cjftransform-1.0.1.jar;c:\Users\immuc\.vscode\extensions\valentjn.vscode-ltex-10.1.0\lib\ltex-ls-12.0.0\lib\commons-lang3-3.11.jar;c:\Users\immuc\.vscode\extensions\valentjn.vscode-ltex-10.1.0\lib\ltex-ls-12.0.0\lib\commons-logging-1.2.jar;c:\Users\immuc\.vscode\extensions\valentjn.vscode-ltex-10.1.0\lib\ltex-ls-12.0.0\lib\commons-pool2-2.9.0.jar;c:\Users\immuc\.vscode\extensions\valentjn.vscode-ltex-10.1.0\lib\ltex-ls-12.0.0\lib\commons-text-1.9.jar;c:\Users\immuc\.vscode\extensions\valentjn.vscode-ltex-10.1.0\lib\ltex-ls-12.0.0\lib\dx-1.7.jar;c:\Users\immuc\.vscode\extensions\valentjn.vscode-ltex-10.1.0\lib\ltex-ls-12.0.0\lib\emoji-java-5.1.1.jar;c:\Users\immuc\.vscode\extensions\valentjn.vscode-ltex-10.1.0\lib\ltex-ls-12.0.0\lib\error_prone_annotations-2.3.4.jar;c:\Users\immuc\.vscode\extensions\valentjn.vscode-ltex-10.1.0\lib\ltex-ls-12.0.0\lib\failureaccess-1.0.1.jar;c:\Users\immuc\.vscode\e
Launcher Type: SUN_STANDARD

[Global flags]
     intx CICompilerCount                          = 4                                         {product} {ergonomic}
     uint ConcGCThreads                            = 2                                         {product} {ergonomic}
     uint G1ConcRefinementThreads                  = 8                                         {product} {ergonomic}
   size_t G1HeapRegionSize                         = 1048576                                   {product} {ergonomic}
    uintx GCDrainStackTargetSize                   = 64                                        {product} {ergonomic}
   size_t InitialHeapSize                          = 67108864                                  {product} {command line}
   size_t MarkStackSize                            = 4194304                                   {product} {ergonomic}
   size_t MaxHeapSize                              = 536870912                                 {product} {command line}
   size_t MaxNewSize                               = 321912832                                 {product} {ergonomic}
   size_t MinHeapDeltaBytes                        = 1048576                                   {product} {ergonomic}
    uintx NonNMethodCodeHeapSize                   = 5836300                                {pd product} {ergonomic}
    uintx NonProfiledCodeHeapSize                  = 122910970                              {pd product} {ergonomic}
    uintx ProfiledCodeHeapSize                     = 122910970                              {pd product} {ergonomic}
    uintx ReservedCodeCacheSize                    = 251658240                              {pd product} {ergonomic}
     bool SegmentedCodeCache                       = true                                      {product} {ergonomic}
     bool UseCompressedClassPointers               = true                                 {lp64_product} {ergonomic}
     bool UseCompressedOops                        = true                                 {lp64_product} {ergonomic}
     bool UseG1GC                                  = true                                      {product} {ergonomic}
     bool UseLargePagesIndividualAllocation        = false                                  {pd product} {ergonomic}

Logging:
Log output configuration:
 #0: stdout all=warning uptime,level,tags
 #1: stderr all=off uptime,level,tags

Environment Variables:
CLASSPATH="c:\Users\immuc\.vscode\extensions\valentjn.vscode-ltex-10.1.0\lib\ltex-ls-12.0.0"\etc;"c:\Users\immuc\.vscode\extensions\valentjn.vscode-ltex-10.1.0\lib\ltex-ls-12.0.0\lib"\ltexls-languagetool-patch-12.0.0.jar;"c:\Users\immuc\.vscode\extensions\valentjn.vscode-ltex-10.1.0\lib\ltex-ls-12.0.0\lib"\*
PATH=C:\Program Files\AdoptOpenJDK\jdk-11.0.10.9-hotspot\bin;C:\Windows\system32;C:\Windows;C:\Windows\System32\Wbem;C:\Windows\System32\WindowsPowerShell\v1.0\;C:\Windows\System32\OpenSSH\;D:\software\Git\cmd;D:\software\;C:\Users\immuc\AppData\Local\Programs\Python\Python38\Scripts\;C:\Users\immuc\AppData\Local\Programs\Python\Python38\;C:\Users\immuc\AppData\Local\Microsoft\WindowsApps;;D:\Microsoft VS Code\bin;D:\software\texlive\2019\bin\win32
USERNAME=immuc
OS=Windows_NT
PROCESSOR_IDENTIFIER=Intel64 Family 6 Model 142 Stepping 10, GenuineIntel



---------------  S Y S T E M  ---------------

OS: Windows 10 , 64 bit Build 19041 (10.0.19041.928)
OS uptime: 3 days 21:32 hours

CPU:total 8 (initial active 8) (4 cores per cpu, 2 threads per core) family 6 model 142 stepping 10 microcode 0xc6, cmov, cx8, fxsr, mmx, sse, sse2, sse3, ssse3, sse4.1, sse4.2, popcnt, avx, avx2, aes, clmul, erms, 3dnowpref, lzcnt, ht, tsc, tscinvbit, bmi1, bmi2, adx, fma

Memory: 4k page, system-wide physical 8007M (305M free)
TotalPageFile size 23372M (AvailPageFile size 0M)
current process WorkingSet (physical memory assigned to process): 292M, peak: 359M
current process commit charge ("private bytes"): 395M, peak: 414M

vm_info: OpenJDK 64-Bit Server VM (11.0.10+9) for windows-amd64 JRE (11.0.10+9), built on Jan 20 2021 06:07:07 by "" with MS VC++ 15.9 (VS2017)

END.
